<?xml version="1.0" encoding="UTF-8"?>
<!-- Generated by org.testng.reporters.JUnitReportReporter -->
<testsuite hostname="DESKTOP-8SUDU4M" failures="0" tests="1" name="testCases.TC002_LoginTest" time="2.026" errors="0" timestamp="2025-01-23T15:11:41 IST" skipped="0">
  <testcase classname="testCases.TC002_LoginTest" name="verify_login" time="2.026"/>
</testsuite> <!-- testCases.TC002_LoginTest -->
