<?xml version="1.0" encoding="UTF-8"?>
<!-- Generated by org.testng.reporters.JUnitReportReporter -->
<testsuite hostname="DESKTOP-8SUDU4M" failures="0" tests="1" name="testCases.TC001_AccountRegistrationTest" time="4.302" errors="0" timestamp="2025-01-25T07:23:10 IST" skipped="0">
  <testcase classname="testCases.TC001_AccountRegistrationTest" name="verify_accountRegister" time="4.302"/>
</testsuite> <!-- testCases.TC001_AccountRegistrationTest -->
